Drill report for /home/andy/Documents/Projects/Retrocomp/Skvosh/pcb/revB/videosport.kicad_pcb
Created on Пнд 13 янв 2020 15:24:30

Copper Layer Stackup:
    =============================================================
    L1 :  F.Cu                      front
    L2 :  B.Cu                      back


Drill file 'videosport-PTH.drl' contains
    plated through holes:
    =============================================================
    T1  0,40mm  0,016"  (89 holes)
    T2  0,50mm  0,020"  (32 holes)
    T3  0,80mm  0,031"  (31 holes)  (with 3 slots)
    T4  0,90mm  0,035"  (15 holes)
    T5  1,00mm  0,039"  (18 holes)
    T6  1,20mm  0,047"  (8 holes)
    T7  2,30mm  0,091"  (6 holes)
    T8  3,20mm  0,126"  (8 holes)

    Total plated holes count 207


Drill file 'videosport-NPTH.drl' contains
    unplated through holes:
    =============================================================
    T1  2,10mm  0,083"  (4 holes)

    Total unplated holes count 4
